0 info it worked if it ends with ok
1 verbose cli [ 'node', '/usr/local/bin/npm', 'install' ]
2 info using npm@2.1.5
3 info using node@v0.10.32
4 verbose install where, deps [ '/home/anguix/work/projects/alma.net/frontend/almanet-frontend',
4 verbose install   [ 'string-interpolate',
4 verbose install     'flux',
4 verbose install     'react',
4 verbose install     'lodash',
4 verbose install     'react-forms',
4 verbose install     'browserify',
4 verbose install     'envify',
4 verbose install     'jest-cli',
4 verbose install     'reactify',
4 verbose install     'uglify-js',
4 verbose install     'watchify' ] ]
5 verbose install where, peers [ '/home/anguix/work/projects/alma.net/frontend/almanet-frontend',
5 verbose install   [] ]
6 info preinstall almanet-frontend@0.0.1
7 verbose already installed skipping jest-cli@~0.1.17 /home/anguix/work/projects/alma.net/frontend/almanet-frontend
8 verbose already installed skipping reactify@~0.14.0 /home/anguix/work/projects/alma.net/frontend/almanet-frontend
9 verbose already installed skipping uglify-js@~2.4.15 /home/anguix/work/projects/alma.net/frontend/almanet-frontend
10 verbose already installed skipping watchify@~0.10.2 /home/anguix/work/projects/alma.net/frontend/almanet-frontend
11 silly cache add args [ 'string-interpolate@~0.4.0', null ]
12 verbose cache add spec string-interpolate@~0.4.0
13 silly cache add parsed spec { raw: 'string-interpolate@~0.4.0',
13 silly cache add   scope: null,
13 silly cache add   name: 'string-interpolate',
13 silly cache add   rawSpec: '~0.4.0',
13 silly cache add   spec: '>=0.4.0 <0.5.0',
13 silly cache add   type: 'range' }
14 verbose addNamed string-interpolate@>=0.4.0 <0.5.0
15 silly addNamed semver.valid null
16 silly addNamed semver.validRange >=0.4.0 <0.5.0
17 silly addNameRange { name: 'string-interpolate',
17 silly addNameRange   range: '>=0.4.0 <0.5.0',
17 silly addNameRange   hasData: false }
18 verbose mapToRegistry name string-interpolate
19 verbose mapToRegistry uri https://registry.npmjs.org/string-interpolate
20 verbose addNameRange registry:https://registry.npmjs.org/string-interpolate not in flight; fetching
21 verbose already installed skipping flux@^2.0.0 /home/anguix/work/projects/alma.net/frontend/almanet-frontend
22 verbose already installed skipping react@~0.11 /home/anguix/work/projects/alma.net/frontend/almanet-frontend
23 verbose already installed skipping lodash@^2.4.1 /home/anguix/work/projects/alma.net/frontend/almanet-frontend
24 verbose request on initialization, where is /string-interpolate
25 verbose request after pass 1, where is /string-interpolate
26 verbose request url raw /string-interpolate
27 verbose request resolving registry [ 'https://registry.npmjs.org/', './string-interpolate' ]
28 verbose request after pass 2, where is https://registry.npmjs.org/string-interpolate
29 verbose request no auth needed
30 info attempt registry request try #1 at 16:01:05
31 verbose request id 9d80ca0f11d4a206
32 verbose etag "4EEFJ6WFMFEY785JLCL0VBHU1"
33 http request GET https://registry.npmjs.org/string-interpolate
34 verbose already installed skipping react-forms@^0.6.3 /home/anguix/work/projects/alma.net/frontend/almanet-frontend
35 verbose already installed skipping browserify@~4.2.2 /home/anguix/work/projects/alma.net/frontend/almanet-frontend
36 verbose already installed skipping envify@~2.0.1 /home/anguix/work/projects/alma.net/frontend/almanet-frontend
37 http 304 https://registry.npmjs.org/string-interpolate
38 silly registry.get cb [ 304,
38 silly registry.get   { date: 'Fri, 07 Nov 2014 10:01:05 GMT',
38 silly registry.get     server: 'Apache',
38 silly registry.get     via: '1.1 varnish',
38 silly registry.get     'last-modified': 'Fri, 07 Nov 2014 10:01:06 GMT',
38 silly registry.get     'cache-control': 'max-age=60',
38 silly registry.get     etag: '"4EEFJ6WFMFEY785JLCL0VBHU1"',
38 silly registry.get     age: '0',
38 silly registry.get     'x-served-by': 'cache-fra1225-FRA',
38 silly registry.get     'x-cache': 'HIT',
38 silly registry.get     'x-cache-hits': '1',
38 silly registry.get     'x-timer': 'S1415354465.915953,VS0,VE442',
38 silly registry.get     vary: 'Accept',
38 silly registry.get     'content-length': '0',
38 silly registry.get     'keep-alive': 'timeout=10, max=50',
38 silly registry.get     connection: 'Keep-Alive' } ]
39 verbose etag https://registry.npmjs.org/string-interpolate from cache
40 silly addNameRange number 2 { name: 'string-interpolate',
40 silly addNameRange   range: '>=0.4.0 <0.5.0',
40 silly addNameRange   hasData: true }
41 silly addNameRange versions [ 'string-interpolate', [ '0.1.0', '0.1.1', '0.4.0' ] ]
42 verbose addNamed string-interpolate@0.4.0
43 silly addNamed semver.valid 0.4.0
44 silly addNamed semver.validRange 0.4.0
45 silly cache afterAdd string-interpolate@0.4.0
46 verbose afterAdd /home/anguix/.npm/string-interpolate/0.4.0/package/package.json not in flight; writing
47 verbose afterAdd /home/anguix/.npm/string-interpolate/0.4.0/package/package.json written
48 silly install resolved [ { name: 'string-interpolate',
48 silly install resolved     version: '0.4.0',
48 silly install resolved     description: 'Simple string interpolation',
48 silly install resolved     license: 'MIT',
48 silly install resolved     main: 'index.js',
48 silly install resolved     author:
48 silly install resolved      { name: 'Alexey Raspopov',
48 silly install resolved        url: 'https://github.com/alexeyraspopov' },
48 silly install resolved     repository:
48 silly install resolved      { type: 'git',
48 silly install resolved        url: 'git://github.com/alexeyraspopov/string-interpolate' },
48 silly install resolved     bin: { interpolate: 'cli.js' },
48 silly install resolved     devDependencies:
48 silly install resolved      { 'expect.js': '^0.3.1',
48 silly install resolved        'gulp-mocha': '^0.4.1',
48 silly install resolved        gulp: '^3.5.6',
48 silly install resolved        'gulp-wrap-exports': '^0.2.0',
48 silly install resolved        'gulp-rename': '^1.2.0' },
48 silly install resolved     dependencies: { clify: '^0.1.1', multiline: '^0.3.2' },
48 silly install resolved     bugs: { url: 'https://github.com/alexeyraspopov/string-interpolate/issues' },
48 silly install resolved     homepage: 'https://github.com/alexeyraspopov/string-interpolate',
48 silly install resolved     _id: 'string-interpolate@0.4.0',
48 silly install resolved     dist:
48 silly install resolved      { shasum: '18a29535218ef87bcbd557d8f540e049740210c1',
48 silly install resolved        tarball: 'http://registry.npmjs.org/string-interpolate/-/string-interpolate-0.4.0.tgz' },
48 silly install resolved     _from: 'string-interpolate@>=0.4.0 <0.5.0',
48 silly install resolved     _npmVersion: '1.4.3',
48 silly install resolved     _npmUser: { name: 'alexeyraspopov', email: 'avenger7x13@gmail.com' },
48 silly install resolved     maintainers: [ [Object] ],
48 silly install resolved     directories: {},
48 silly install resolved     _shasum: '18a29535218ef87bcbd557d8f540e049740210c1',
48 silly install resolved     _resolved: 'https://registry.npmjs.org/string-interpolate/-/string-interpolate-0.4.0.tgz',
48 silly install resolved     readme: 'ERROR: No README data found!' } ]
49 info install string-interpolate@0.4.0 into /home/anguix/work/projects/alma.net/frontend/almanet-frontend
50 info installOne string-interpolate@0.4.0
51 verbose installOne of string-interpolate to /home/anguix/work/projects/alma.net/frontend/almanet-frontend not in flight; installing
52 verbose lock using /home/anguix/.npm/_locks/string-interpolate-4bb920973d062e35.lock for /home/anguix/work/projects/alma.net/frontend/almanet-frontend/node_modules/string-interpolate
53 silly install write writing string-interpolate 0.4.0 to /home/anguix/work/projects/alma.net/frontend/almanet-frontend/node_modules/string-interpolate
54 silly cache addNamed cb string-interpolate@0.4.0
55 verbose unbuild node_modules/string-interpolate
56 verbose gentlyRm vacuuming /home/anguix/work/projects/alma.net/frontend/almanet-frontend/node_modules/string-interpolate
57 verbose tar unpack /home/anguix/.npm/string-interpolate/0.4.0/package.tgz
58 verbose tar unpacking to /home/anguix/work/projects/alma.net/frontend/almanet-frontend/node_modules/string-interpolate
59 verbose gentlyRm vacuuming /home/anguix/work/projects/alma.net/frontend/almanet-frontend/node_modules/string-interpolate
60 silly gunzTarPerm modes [ '755', '644' ]
61 silly gunzTarPerm extractEntry package.json
62 silly gunzTarPerm modified mode [ 'package.json', 438, 420 ]
63 silly gunzTarPerm extractEntry index.js
64 silly gunzTarPerm modified mode [ 'index.js', 438, 420 ]
65 silly gunzTarPerm extractEntry readme.md
66 silly gunzTarPerm modified mode [ 'readme.md', 438, 420 ]
67 info preinstall string-interpolate@0.4.0
68 silly prepareForInstallMany adding clify@^0.1.1 from string-interpolate dependencies
69 silly prepareForInstallMany adding multiline@^0.3.2 from string-interpolate dependencies
70 silly cache add args [ 'clify@^0.1.1', null ]
71 verbose cache add spec clify@^0.1.1
72 silly cache add args [ 'multiline@^0.3.2', null ]
73 verbose cache add spec multiline@^0.3.2
74 silly cache add parsed spec { raw: 'clify@^0.1.1',
74 silly cache add   scope: null,
74 silly cache add   name: 'clify',
74 silly cache add   rawSpec: '^0.1.1',
74 silly cache add   spec: '>=0.1.1 <0.2.0',
74 silly cache add   type: 'range' }
75 verbose addNamed clify@>=0.1.1 <0.2.0
76 silly addNamed semver.valid null
77 silly addNamed semver.validRange >=0.1.1 <0.2.0
78 silly addNameRange { name: 'clify', range: '>=0.1.1 <0.2.0', hasData: false }
79 verbose mapToRegistry name clify
80 verbose mapToRegistry uri https://registry.npmjs.org/clify
81 verbose addNameRange registry:https://registry.npmjs.org/clify not in flight; fetching
82 silly cache add parsed spec { raw: 'multiline@^0.3.2',
82 silly cache add   scope: null,
82 silly cache add   name: 'multiline',
82 silly cache add   rawSpec: '^0.3.2',
82 silly cache add   spec: '>=0.3.2 <0.4.0',
82 silly cache add   type: 'range' }
83 verbose addNamed multiline@>=0.3.2 <0.4.0
84 silly addNamed semver.valid null
85 silly addNamed semver.validRange >=0.3.2 <0.4.0
86 silly addNameRange { name: 'multiline', range: '>=0.3.2 <0.4.0', hasData: false }
87 verbose mapToRegistry name multiline
88 verbose mapToRegistry uri https://registry.npmjs.org/multiline
89 verbose addNameRange registry:https://registry.npmjs.org/multiline not in flight; fetching
90 verbose request on initialization, where is /clify
91 verbose request after pass 1, where is /clify
92 verbose request url raw /clify
93 verbose request resolving registry [ 'https://registry.npmjs.org/', './clify' ]
94 verbose request after pass 2, where is https://registry.npmjs.org/clify
95 verbose request no auth needed
96 info attempt registry request try #1 at 16:01:06
97 verbose etag "1W5A7DEZBLYJVNTXTPFYKLSEL"
98 http request GET https://registry.npmjs.org/clify
99 verbose request on initialization, where is /multiline
100 verbose request after pass 1, where is /multiline
101 verbose request url raw /multiline
102 verbose request resolving registry [ 'https://registry.npmjs.org/', './multiline' ]
103 verbose request after pass 2, where is https://registry.npmjs.org/multiline
104 verbose request no auth needed
105 info attempt registry request try #1 at 16:01:06
106 verbose etag "8QBUY1RLVOA2SIMP1NWOP9YN5"
107 http request GET https://registry.npmjs.org/multiline
108 http 304 https://registry.npmjs.org/clify
109 silly registry.get cb [ 304,
109 silly registry.get   { date: 'Fri, 07 Nov 2014 10:01:07 GMT',
109 silly registry.get     server: 'Apache',
109 silly registry.get     via: '1.1 varnish',
109 silly registry.get     'last-modified': 'Fri, 07 Nov 2014 10:01:07 GMT',
109 silly registry.get     'cache-control': 'max-age=60',
109 silly registry.get     etag: '"1W5A7DEZBLYJVNTXTPFYKLSEL"',
109 silly registry.get     age: '0',
109 silly registry.get     'x-served-by': 'cache-ams4124-AMS',
109 silly registry.get     'x-cache': 'MISS',
109 silly registry.get     'x-cache-hits': '0',
109 silly registry.get     'x-timer': 'S1415354467.287980,VS0,VE662',
109 silly registry.get     vary: 'Accept',
109 silly registry.get     'content-length': '0',
109 silly registry.get     'keep-alive': 'timeout=10, max=50',
109 silly registry.get     connection: 'Keep-Alive' } ]
110 verbose etag https://registry.npmjs.org/clify from cache
111 silly addNameRange number 2 { name: 'clify', range: '>=0.1.1 <0.2.0', hasData: true }
112 silly addNameRange versions [ 'clify', [ '0.1.0', '0.1.1', '0.2.0' ] ]
113 verbose addNamed clify@0.1.1
114 silly addNamed semver.valid 0.1.1
115 silly addNamed semver.validRange 0.1.1
116 silly cache afterAdd clify@0.1.1
117 verbose afterAdd /home/anguix/.npm/clify/0.1.1/package/package.json not in flight; writing
118 verbose afterAdd /home/anguix/.npm/clify/0.1.1/package/package.json written
119 http 304 https://registry.npmjs.org/multiline
120 silly registry.get cb [ 304,
120 silly registry.get   { date: 'Fri, 07 Nov 2014 10:01:07 GMT',
120 silly registry.get     server: 'Apache',
120 silly registry.get     via: '1.1 varnish',
120 silly registry.get     'last-modified': 'Fri, 07 Nov 2014 10:01:08 GMT',
120 silly registry.get     'cache-control': 'max-age=60',
120 silly registry.get     etag: '"8QBUY1RLVOA2SIMP1NWOP9YN5"',
120 silly registry.get     age: '0',
120 silly registry.get     'x-served-by': 'cache-fra1240-FRA',
120 silly registry.get     'x-cache': 'HIT',
120 silly registry.get     'x-cache-hits': '1',
120 silly registry.get     'x-timer': 'S1415354467.291948,VS0,VE709',
120 silly registry.get     vary: 'Accept',
120 silly registry.get     'content-length': '0',
120 silly registry.get     'keep-alive': 'timeout=10, max=50',
120 silly registry.get     connection: 'Keep-Alive' } ]
121 verbose etag https://registry.npmjs.org/multiline from cache
122 silly addNameRange number 2 { name: 'multiline', range: '>=0.3.2 <0.4.0', hasData: true }
123 silly addNameRange versions [ 'multiline',
123 silly addNameRange   [ '0.1.0',
123 silly addNameRange     '0.2.0',
123 silly addNameRange     '0.3.0',
123 silly addNameRange     '0.3.1',
123 silly addNameRange     '0.3.2',
123 silly addNameRange     '0.3.3',
123 silly addNameRange     '0.3.4',
123 silly addNameRange     '1.0.0',
123 silly addNameRange     '1.0.1' ] ]
124 verbose addNamed multiline@0.3.4
125 silly addNamed semver.valid 0.3.4
126 silly addNamed semver.validRange 0.3.4
127 silly cache afterAdd multiline@0.3.4
128 verbose afterAdd /home/anguix/.npm/multiline/0.3.4/package/package.json not in flight; writing
129 verbose afterAdd /home/anguix/.npm/multiline/0.3.4/package/package.json written
130 silly install resolved [ { name: 'clify',
130 silly install resolved     version: '0.1.1',
130 silly install resolved     description: 'Tiny CLI-wrapper for your functions',
130 silly install resolved     license: 'MIT',
130 silly install resolved     main: 'index.js',
130 silly install resolved     author:
130 silly install resolved      { name: 'Alexey Raspopov',
130 silly install resolved        url: 'https://github.com/alexeyraspopov' },
130 silly install resolved     _id: 'clify@0.1.1',
130 silly install resolved     dist:
130 silly install resolved      { shasum: '8ab8fd339fa5463f34d0d9144724799640d5ee68',
130 silly install resolved        tarball: 'http://registry.npmjs.org/clify/-/clify-0.1.1.tgz' },
130 silly install resolved     _from: 'clify@>=0.1.1 <0.2.0',
130 silly install resolved     _npmVersion: '1.4.3',
130 silly install resolved     _npmUser: { name: 'alexeyraspopov', email: 'avenger7x13@gmail.com' },
130 silly install resolved     maintainers: [ [Object] ],
130 silly install resolved     directories: {},
130 silly install resolved     _shasum: '8ab8fd339fa5463f34d0d9144724799640d5ee68',
130 silly install resolved     _resolved: 'https://registry.npmjs.org/clify/-/clify-0.1.1.tgz',
130 silly install resolved     readme: 'ERROR: No README data found!' },
130 silly install resolved   { name: 'multiline',
130 silly install resolved     version: '0.3.4',
130 silly install resolved     description: 'Multiline strings in JavaScript',
130 silly install resolved     license: 'MIT',
130 silly install resolved     repository: { type: 'git', url: 'git://github.com/sindresorhus/multiline' },
130 silly install resolved     author:
130 silly install resolved      { name: 'Sindre Sorhus',
130 silly install resolved        email: 'sindresorhus@gmail.com',
130 silly install resolved        url: 'http://sindresorhus.com' },
130 silly install resolved     engines: { node: '>=0.10.0' },
130 silly install resolved     scripts:
130 silly install resolved      { test: 'mocha',
130 silly install resolved        browser: 'browserify -s $npm_package_name -o browser.js .' },
130 silly install resolved     files: [ 'index.js', 'browser.js' ],
130 silly install resolved     keywords:
130 silly install resolved      [ 'browser',
130 silly install resolved        'multiline',
130 silly install resolved        'multi-line',
130 silly install resolved        'multiple',
130 silly install resolved        'line',
130 silly install resolved        'comment',
130 silly install resolved        'string',
130 silly install resolved        'str',
130 silly install resolved        'text',
130 silly install resolved        'comment' ],
130 silly install resolved     dependencies: { 'strip-indent': '^0.1.0' },
130 silly install resolved     devDependencies: { mocha: '*', browserify: '^3.0.0', callsites: '^0.2.0' },
130 silly install resolved     bugs: { url: 'https://github.com/sindresorhus/multiline/issues' },
130 silly install resolved     homepage: 'https://github.com/sindresorhus/multiline',
130 silly install resolved     _id: 'multiline@0.3.4',
130 silly install resolved     dist:
130 silly install resolved      { shasum: '1d38cb053097b5b94b21fcd31b10b116559defdc',
130 silly install resolved        tarball: 'http://registry.npmjs.org/multiline/-/multiline-0.3.4.tgz' },
130 silly install resolved     _from: 'multiline@>=0.3.2 <0.4.0',
130 silly install resolved     _npmVersion: '1.4.6',
130 silly install resolved     _npmUser: { name: 'sindresorhus', email: 'sindresorhus@gmail.com' },
130 silly install resolved     maintainers: [ [Object] ],
130 silly install resolved     directories: {},
130 silly install resolved     _shasum: '1d38cb053097b5b94b21fcd31b10b116559defdc',
130 silly install resolved     _resolved: 'https://registry.npmjs.org/multiline/-/multiline-0.3.4.tgz',
130 silly install resolved     readme: 'ERROR: No README data found!' } ]
131 info install clify@0.1.1 into /home/anguix/work/projects/alma.net/frontend/almanet-frontend/node_modules/string-interpolate
132 info install multiline@0.3.4 into /home/anguix/work/projects/alma.net/frontend/almanet-frontend/node_modules/string-interpolate
133 info installOne clify@0.1.1
134 verbose installOne of clify to /home/anguix/work/projects/alma.net/frontend/almanet-frontend/node_modules/string-interpolate not in flight; installing
135 info installOne multiline@0.3.4
136 verbose installOne of multiline to /home/anguix/work/projects/alma.net/frontend/almanet-frontend/node_modules/string-interpolate not in flight; installing
137 verbose lock using /home/anguix/.npm/_locks/clify-21c11589ae9c83ed.lock for /home/anguix/work/projects/alma.net/frontend/almanet-frontend/node_modules/string-interpolate/node_modules/clify
138 verbose lock using /home/anguix/.npm/_locks/multiline-1ba08572070d3f06.lock for /home/anguix/work/projects/alma.net/frontend/almanet-frontend/node_modules/string-interpolate/node_modules/multiline
139 silly install write writing clify 0.1.1 to /home/anguix/work/projects/alma.net/frontend/almanet-frontend/node_modules/string-interpolate/node_modules/clify
140 silly cache addNamed cb clify@0.1.1
141 verbose unbuild node_modules/string-interpolate/node_modules/clify
142 silly install write writing multiline 0.3.4 to /home/anguix/work/projects/alma.net/frontend/almanet-frontend/node_modules/string-interpolate/node_modules/multiline
143 silly cache addNamed cb multiline@0.3.4
144 verbose unbuild node_modules/string-interpolate/node_modules/multiline
145 verbose gentlyRm vacuuming /home/anguix/work/projects/alma.net/frontend/almanet-frontend/node_modules/string-interpolate/node_modules/clify
146 verbose gentlyRm vacuuming /home/anguix/work/projects/alma.net/frontend/almanet-frontend/node_modules/string-interpolate/node_modules/multiline
147 verbose tar unpack /home/anguix/.npm/clify/0.1.1/package.tgz
148 verbose tar unpacking to /home/anguix/work/projects/alma.net/frontend/almanet-frontend/node_modules/string-interpolate/node_modules/clify
149 verbose gentlyRm vacuuming /home/anguix/work/projects/alma.net/frontend/almanet-frontend/node_modules/string-interpolate/node_modules/clify
150 verbose tar unpack /home/anguix/.npm/multiline/0.3.4/package.tgz
151 verbose tar unpacking to /home/anguix/work/projects/alma.net/frontend/almanet-frontend/node_modules/string-interpolate/node_modules/multiline
152 verbose gentlyRm vacuuming /home/anguix/work/projects/alma.net/frontend/almanet-frontend/node_modules/string-interpolate/node_modules/multiline
153 silly gunzTarPerm modes [ '755', '644' ]
154 silly gunzTarPerm modes [ '755', '644' ]
155 silly gunzTarPerm extractEntry package.json
156 silly gunzTarPerm modified mode [ 'package.json', 438, 420 ]
157 silly gunzTarPerm extractEntry package.json
158 silly gunzTarPerm extractEntry .npmignore
159 silly gunzTarPerm modified mode [ '.npmignore', 438, 420 ]
160 silly gunzTarPerm extractEntry index.js
161 silly gunzTarPerm modified mode [ 'index.js', 438, 420 ]
162 silly gunzTarPerm extractEntry browser.js
163 silly gunzTarPerm extractEntry index.js
164 silly gunzTarPerm extractEntry .editorconfig
165 silly gunzTarPerm modified mode [ '.editorconfig', 438, 420 ]
166 silly gunzTarPerm extractEntry .gitattributes
167 silly gunzTarPerm modified mode [ '.gitattributes', 438, 420 ]
168 silly gunzTarPerm extractEntry readme.md
169 silly gunzTarPerm extractEntry .jshintrc
170 silly gunzTarPerm modified mode [ '.jshintrc', 438, 420 ]
171 silly gunzTarPerm extractEntry readme.md
172 silly gunzTarPerm modified mode [ 'readme.md', 438, 420 ]
173 info preinstall multiline@0.3.4
174 silly prepareForInstallMany adding strip-indent@^0.1.0 from multiline dependencies
175 silly cache add args [ 'strip-indent@^0.1.0', null ]
176 verbose cache add spec strip-indent@^0.1.0
177 silly cache add parsed spec { raw: 'strip-indent@^0.1.0',
177 silly cache add   scope: null,
177 silly cache add   name: 'strip-indent',
177 silly cache add   rawSpec: '^0.1.0',
177 silly cache add   spec: '>=0.1.0 <0.2.0',
177 silly cache add   type: 'range' }
178 verbose addNamed strip-indent@>=0.1.0 <0.2.0
179 silly addNamed semver.valid null
180 silly addNamed semver.validRange >=0.1.0 <0.2.0
181 silly addNameRange { name: 'strip-indent', range: '>=0.1.0 <0.2.0', hasData: false }
182 verbose mapToRegistry name strip-indent
183 verbose mapToRegistry uri https://registry.npmjs.org/strip-indent
184 verbose addNameRange registry:https://registry.npmjs.org/strip-indent not in flight; fetching
185 info preinstall clify@0.1.1
186 silly install resolved []
187 verbose about to build /home/anguix/work/projects/alma.net/frontend/almanet-frontend/node_modules/string-interpolate/node_modules/clify
188 info build /home/anguix/work/projects/alma.net/frontend/almanet-frontend/node_modules/string-interpolate/node_modules/clify
189 verbose linkStuff [ false,
189 verbose linkStuff   false,
189 verbose linkStuff   false,
189 verbose linkStuff   '/home/anguix/work/projects/alma.net/frontend/almanet-frontend/node_modules/string-interpolate/node_modules' ]
190 info linkStuff clify@0.1.1
191 verbose linkBins clify@0.1.1
192 verbose linkMans clify@0.1.1
193 verbose rebuildBundles clify@0.1.1
194 verbose request on initialization, where is /strip-indent
195 verbose request after pass 1, where is /strip-indent
196 verbose request url raw /strip-indent
197 verbose request resolving registry [ 'https://registry.npmjs.org/', './strip-indent' ]
198 verbose request after pass 2, where is https://registry.npmjs.org/strip-indent
199 verbose request no auth needed
200 info attempt registry request try #1 at 16:01:08
201 verbose etag "C0BTLBXFP1TDQKC6WSNQVZ3Z8"
202 http request GET https://registry.npmjs.org/strip-indent
203 info install clify@0.1.1
204 info postinstall clify@0.1.1
205 verbose unlock done using /home/anguix/.npm/_locks/clify-21c11589ae9c83ed.lock for /home/anguix/work/projects/alma.net/frontend/almanet-frontend/node_modules/string-interpolate/node_modules/clify
206 http 304 https://registry.npmjs.org/strip-indent
207 silly registry.get cb [ 304,
207 silly registry.get   { date: 'Fri, 07 Nov 2014 10:01:08 GMT',
207 silly registry.get     server: 'Apache',
207 silly registry.get     via: '1.1 varnish',
207 silly registry.get     'last-modified': 'Fri, 07 Nov 2014 10:01:09 GMT',
207 silly registry.get     'cache-control': 'max-age=60',
207 silly registry.get     etag: '"C0BTLBXFP1TDQKC6WSNQVZ3Z8"',
207 silly registry.get     age: '0',
207 silly registry.get     'x-served-by': 'cache-fra1233-FRA',
207 silly registry.get     'x-cache': 'HIT',
207 silly registry.get     'x-cache-hits': '1',
207 silly registry.get     'x-timer': 'S1415354468.945501,VS0,VE108',
207 silly registry.get     vary: 'Accept',
207 silly registry.get     'content-length': '0',
207 silly registry.get     'keep-alive': 'timeout=10, max=50',
207 silly registry.get     connection: 'Keep-Alive' } ]
208 verbose etag https://registry.npmjs.org/strip-indent from cache
209 silly addNameRange number 2 { name: 'strip-indent', range: '>=0.1.0 <0.2.0', hasData: true }
210 silly addNameRange versions [ 'strip-indent',
210 silly addNameRange   [ '0.1.0', '0.1.1', '0.1.2', '0.1.3', '1.0.0' ] ]
211 verbose addNamed strip-indent@0.1.3
212 silly addNamed semver.valid 0.1.3
213 silly addNamed semver.validRange 0.1.3
214 silly cache afterAdd strip-indent@0.1.3
215 verbose afterAdd /home/anguix/.npm/strip-indent/0.1.3/package/package.json not in flight; writing
216 verbose afterAdd /home/anguix/.npm/strip-indent/0.1.3/package/package.json written
217 silly install resolved [ { name: 'strip-indent',
217 silly install resolved     version: '0.1.3',
217 silly install resolved     description: 'Strip leading whitespace from every line in a string',
217 silly install resolved     license: 'MIT',
217 silly install resolved     repository:
217 silly install resolved      { type: 'git',
217 silly install resolved        url: 'git://github.com/sindresorhus/strip-indent' },
217 silly install resolved     bin: { 'strip-indent': 'cli.js' },
217 silly install resolved     author:
217 silly install resolved      { name: 'Sindre Sorhus',
217 silly install resolved        email: 'sindresorhus@gmail.com',
217 silly install resolved        url: 'http://sindresorhus.com' },
217 silly install resolved     engines: { node: '>=0.10.0' },
217 silly install resolved     scripts:
217 silly install resolved      { test: 'mocha',
217 silly install resolved        browser: 'browserify -s $npm_package_name -o browser.js .' },
217 silly install resolved     files: [ 'index.js', 'cli.js' ],
217 silly install resolved     keywords:
217 silly install resolved      [ 'cli',
217 silly install resolved        'bin',
217 silly install resolved        'browser',
217 silly install resolved        'strip',
217 silly install resolved        'normalize',
217 silly install resolved        'remove',
217 silly install resolved        'indent',
217 silly install resolved        'indentation',
217 silly install resolved        'whitespace',
217 silly install resolved        'space',
217 silly install resolved        'tab',
217 silly install resolved        'string',
217 silly install resolved        'str' ],
217 silly install resolved     devDependencies: { mocha: '*', browserify: '^3.0.0' },
217 silly install resolved     bugs: { url: 'https://github.com/sindresorhus/strip-indent/issues' },
217 silly install resolved     homepage: 'https://github.com/sindresorhus/strip-indent',
217 silly install resolved     _id: 'strip-indent@0.1.3',
217 silly install resolved     dist:
217 silly install resolved      { shasum: 'c43ccb66c24e49c4e27b2236d34fe2c4bbcf14dc',
217 silly install resolved        tarball: 'http://registry.npmjs.org/strip-indent/-/strip-indent-0.1.3.tgz' },
217 silly install resolved     _from: 'strip-indent@>=0.1.0 <0.2.0',
217 silly install resolved     _npmVersion: '1.4.6',
217 silly install resolved     _npmUser: { name: 'sindresorhus', email: 'sindresorhus@gmail.com' },
217 silly install resolved     maintainers: [ [Object] ],
217 silly install resolved     directories: {},
217 silly install resolved     _shasum: 'c43ccb66c24e49c4e27b2236d34fe2c4bbcf14dc',
217 silly install resolved     _resolved: 'https://registry.npmjs.org/strip-indent/-/strip-indent-0.1.3.tgz',
217 silly install resolved     readme: 'ERROR: No README data found!' } ]
218 info install strip-indent@0.1.3 into /home/anguix/work/projects/alma.net/frontend/almanet-frontend/node_modules/string-interpolate/node_modules/multiline
219 info installOne strip-indent@0.1.3
220 verbose installOne of strip-indent to /home/anguix/work/projects/alma.net/frontend/almanet-frontend/node_modules/string-interpolate/node_modules/multiline not in flight; installing
221 verbose lock using /home/anguix/.npm/_locks/strip-indent-f23e9f167cd89a31.lock for /home/anguix/work/projects/alma.net/frontend/almanet-frontend/node_modules/string-interpolate/node_modules/multiline/node_modules/strip-indent
222 silly install write writing strip-indent 0.1.3 to /home/anguix/work/projects/alma.net/frontend/almanet-frontend/node_modules/string-interpolate/node_modules/multiline/node_modules/strip-indent
223 silly cache addNamed cb strip-indent@0.1.3
224 verbose unbuild node_modules/string-interpolate/node_modules/multiline/node_modules/strip-indent
225 verbose gentlyRm vacuuming /home/anguix/work/projects/alma.net/frontend/almanet-frontend/node_modules/string-interpolate/node_modules/multiline/node_modules/strip-indent
226 verbose tar unpack /home/anguix/.npm/strip-indent/0.1.3/package.tgz
227 verbose tar unpacking to /home/anguix/work/projects/alma.net/frontend/almanet-frontend/node_modules/string-interpolate/node_modules/multiline/node_modules/strip-indent
228 verbose gentlyRm vacuuming /home/anguix/work/projects/alma.net/frontend/almanet-frontend/node_modules/string-interpolate/node_modules/multiline/node_modules/strip-indent
229 silly gunzTarPerm modes [ '755', '644' ]
230 silly gunzTarPerm extractEntry package.json
231 silly gunzTarPerm extractEntry cli.js
232 silly gunzTarPerm extractEntry index.js
233 silly gunzTarPerm extractEntry readme.md
234 info preinstall strip-indent@0.1.3
235 silly install resolved []
236 verbose about to build /home/anguix/work/projects/alma.net/frontend/almanet-frontend/node_modules/string-interpolate/node_modules/multiline/node_modules/strip-indent
237 info build /home/anguix/work/projects/alma.net/frontend/almanet-frontend/node_modules/string-interpolate/node_modules/multiline/node_modules/strip-indent
238 verbose linkStuff [ false,
238 verbose linkStuff   false,
238 verbose linkStuff   false,
238 verbose linkStuff   '/home/anguix/work/projects/alma.net/frontend/almanet-frontend/node_modules/string-interpolate/node_modules/multiline/node_modules' ]
239 info linkStuff strip-indent@0.1.3
240 verbose linkBins strip-indent@0.1.3
241 verbose link bins [ { 'strip-indent': 'cli.js' },
241 verbose link bins   '/home/anguix/work/projects/alma.net/frontend/almanet-frontend/node_modules/string-interpolate/node_modules/multiline/node_modules/.bin',
241 verbose link bins   false ]
242 verbose linkMans strip-indent@0.1.3
243 verbose rebuildBundles strip-indent@0.1.3
244 verbose gentlyRm vacuuming /home/anguix/work/projects/alma.net/frontend/almanet-frontend/node_modules/string-interpolate/node_modules/multiline/node_modules/.bin/strip-indent
245 info install strip-indent@0.1.3
246 info postinstall strip-indent@0.1.3
247 verbose unlock done using /home/anguix/.npm/_locks/strip-indent-f23e9f167cd89a31.lock for /home/anguix/work/projects/alma.net/frontend/almanet-frontend/node_modules/string-interpolate/node_modules/multiline/node_modules/strip-indent
248 verbose about to build /home/anguix/work/projects/alma.net/frontend/almanet-frontend/node_modules/string-interpolate/node_modules/multiline
249 info build /home/anguix/work/projects/alma.net/frontend/almanet-frontend/node_modules/string-interpolate/node_modules/multiline
250 verbose linkStuff [ false,
250 verbose linkStuff   false,
250 verbose linkStuff   false,
250 verbose linkStuff   '/home/anguix/work/projects/alma.net/frontend/almanet-frontend/node_modules/string-interpolate/node_modules' ]
251 info linkStuff multiline@0.3.4
252 verbose linkBins multiline@0.3.4
253 verbose linkMans multiline@0.3.4
254 verbose rebuildBundles multiline@0.3.4
255 verbose rebuildBundles [ '.bin', 'strip-indent' ]
256 info install multiline@0.3.4
257 info postinstall multiline@0.3.4
258 verbose unlock done using /home/anguix/.npm/_locks/multiline-1ba08572070d3f06.lock for /home/anguix/work/projects/alma.net/frontend/almanet-frontend/node_modules/string-interpolate/node_modules/multiline
259 verbose about to build /home/anguix/work/projects/alma.net/frontend/almanet-frontend/node_modules/string-interpolate
260 info build /home/anguix/work/projects/alma.net/frontend/almanet-frontend/node_modules/string-interpolate
261 verbose linkStuff [ false,
261 verbose linkStuff   false,
261 verbose linkStuff   false,
261 verbose linkStuff   '/home/anguix/work/projects/alma.net/frontend/almanet-frontend/node_modules' ]
262 info linkStuff string-interpolate@0.4.0
263 verbose linkBins string-interpolate@0.4.0
264 verbose link bins [ { interpolate: 'cli.js' },
264 verbose link bins   '/home/anguix/work/projects/alma.net/frontend/almanet-frontend/node_modules/.bin',
264 verbose link bins   false ]
265 verbose linkMans string-interpolate@0.4.0
266 verbose rebuildBundles string-interpolate@0.4.0
267 verbose rebuildBundles [ 'clify', 'multiline' ]
268 verbose unlock done using /home/anguix/.npm/_locks/string-interpolate-4bb920973d062e35.lock for /home/anguix/work/projects/alma.net/frontend/almanet-frontend/node_modules/string-interpolate
269 verbose stack Error: ENOENT, chmod '/home/anguix/work/projects/alma.net/frontend/almanet-frontend/node_modules/string-interpolate/cli.js'
270 verbose cwd /home/anguix/work/projects/alma.net/frontend/almanet-frontend
271 error Linux 3.8.0-35-generic
272 error argv "node" "/usr/local/bin/npm" "install"
273 error node v0.10.32
274 error npm  v2.1.5
275 error path /home/anguix/work/projects/alma.net/frontend/almanet-frontend/node_modules/string-interpolate/cli.js
276 error code ENOENT
277 error errno 34
278 error ENOENT, chmod '/home/anguix/work/projects/alma.net/frontend/almanet-frontend/node_modules/string-interpolate/cli.js'
279 error If you need help, you may report this error at:
279 error     <http://github.com/npm/npm/issues>
280 verbose exit [ 34, true ]
281 verbose unbuild node_modules/string-interpolate
282 info preuninstall string-interpolate@0.4.0
283 info uninstall string-interpolate@0.4.0
284 verbose unbuild rmStuff string-interpolate@0.4.0 from /home/anguix/work/projects/alma.net/frontend/almanet-frontend/node_modules
285 verbose /home/anguix/work/projects/alma.net/frontend/almanet-frontend/node_modules/.bin,[object Object] binRoot
286 verbose gentlyRm verifying that /home/anguix/work/projects/alma.net/frontend/almanet-frontend/node_modules/string-interpolate is managed by npm
287 silly cacheAndTest /home/anguix/work/projects/alma.net/frontend/almanet-frontend/node_modules/string-interpolate is inside /home/anguix/work/projects/alma.net/frontend/almanet-frontend/node_modules
288 silly gentlyRm /home/anguix/work/projects/alma.net/frontend/almanet-frontend/node_modules/string-interpolate is managed by npm
289 silly gentlyRm /home/anguix/work/projects/alma.net/frontend/almanet-frontend/node_modules/.bin/interpolate is not under /home/anguix/work/projects/alma.net/frontend/almanet-frontend/node_modules/string-interpolate
290 silly gentlyRm checking to see if /home/anguix/work/projects/alma.net/frontend/almanet-frontend/node_modules/.bin/interpolate is a link
291 info postuninstall string-interpolate@0.4.0
292 verbose gentlyRm vacuuming /home/anguix/work/projects/alma.net/frontend/almanet-frontend/node_modules/string-interpolate
293 silly gentlyRm purging /home/anguix/work/projects/alma.net/frontend/almanet-frontend/node_modules/string-interpolate
294 silly gentlyRm quitting because other entries in /home/anguix/work/projects/alma.net/frontend/almanet-frontend/node_modules
